<?xml version="1.0" encoding="UTF-8"?>
<!-- Generated by org.testng.reporters.JUnitReportReporter -->
<testsuite skipped="0" hostname="Sarang-Notebook" name="com.qa.amazonin.tests.LandingPageTest" tests="2" failures="0" timestamp="21 May 2020 08:55:37 GMT" time="48.625" errors="0">
  <testcase name="verifyLogoTest" time="23.688" classname="com.qa.amazonin.tests.LandingPageTest"/>
  <testcase name="verifyTitleTest" time="24.937" classname="com.qa.amazonin.tests.LandingPageTest"/>
</testsuite> <!-- com.qa.amazonin.tests.LandingPageTest -->
