<?xml version="1.0" encoding="UTF-8"?>
<!-- Generated by org.testng.reporters.JUnitReportReporter -->
<testsuite skipped="0" hostname="Sarang-Notebook" name="com.qa.amazonin.tests.LandingPageTest" tests="2" failures="0" timestamp="21 May 2020 10:22:25 GMT" time="40.183" errors="0">
  <testcase name="verifyTitleTest" time="19.856" classname="com.qa.amazonin.tests.LandingPageTest"/>
  <testcase name="verifyLogoTest" time="20.327" classname="com.qa.amazonin.tests.LandingPageTest"/>
</testsuite> <!-- com.qa.amazonin.tests.LandingPageTest -->
